d:\johnathan\documents\github\dorchiware\dorchiware\dorchiware\release\dorchiware.pch
d:\johnathan\documents\github\dorchiware\dorchiware\dorchiware\release\vc143.pdb
d:\johnathan\documents\github\dorchiware\dorchiware\dorchiware\release\pch.obj
d:\johnathan\documents\github\dorchiware\dorchiware\dorchiware\release\main.obj
d:\johnathan\documents\github\dorchiware\dorchiware\dorchiware\release\miscfunctions.obj
d:\johnathan\documents\github\dorchiware\dorchiware\dorchiware\release\chack.obj
d:\johnathan\documents\github\dorchiware\dorchiware\dorchiware\release\dx.obj
d:\johnathan\documents\github\dorchiware\dorchiware\dorchiware\release\drawing.obj
d:\johnathan\documents\github\dorchiware\dorchiware\dorchiware\release\dllmain.obj
d:\johnathan\documents\github\dorchiware\dorchiware\dorchiware\release\d3dfont.obj
d:\johnathan\documents\github\dorchiware\dorchiware\dorchiware\release\ckeybinds.obj
d:\johnathan\documents\github\dorchiware\dorchiware\dorchiware\release\chook.obj
d:\johnathan\documents\github\dorchiware\dorchiware\dorchiware\release\calcs.obj
d:\johnathan\documents\github\dorchiware\dorchiware\release\dorchiware.dll
d:\johnathan\documents\github\dorchiware\dorchiware\dorchiware\release\dorchiware.ipdb
d:\johnathan\documents\github\dorchiware\dorchiware\dorchiware\release\dorchiware.iobj
d:\johnathan\documents\github\dorchiware\dorchiware\release\dorchiware.pdb
d:\johnathan\documents\github\dorchiware\dorchiware\dorchiware\release\dorchiware.tlog\cl.command.1.tlog
d:\johnathan\documents\github\dorchiware\dorchiware\dorchiware\release\dorchiware.tlog\cl.read.1.tlog
d:\johnathan\documents\github\dorchiware\dorchiware\dorchiware\release\dorchiware.tlog\cl.write.1.tlog
d:\johnathan\documents\github\dorchiware\dorchiware\dorchiware\release\dorchiware.tlog\link.command.1.tlog
d:\johnathan\documents\github\dorchiware\dorchiware\dorchiware\release\dorchiware.tlog\link.read.1.tlog
d:\johnathan\documents\github\dorchiware\dorchiware\dorchiware\release\dorchiware.tlog\link.write.1.tlog
